[     107ms] [INFO] %cDownload the React DevTools for a better development experience: https://react.dev/link/react-devtools font-weight:bold @ http://localhost:3000/_next/static/chunks/node_modules_next_dist_115brz8._.js:2477
[     128ms] [LOG] [HMR] connected @ http://localhost:3000/_next/static/chunks/node_modules_next_dist_115brz8._.js:2477
[     177ms] [WARNING] Error while trying to use the following icon from the Manifest: http://localhost:3000/seo/favicon-y.png (Resource size is not correct - typo in the Manifest?) @ http://localhost:3000/about:0
[    4471ms] [WARNING] The resource http://localhost:3000/fonts/NeueHaasDisplay_Bold.woff2 was preloaded using link preload but not used within a few seconds from the window's load event. Please make sure it has an appropriate `as` value and it is preloaded intentionally. @ http://localhost:3000/about:0
[    4471ms] [WARNING] The resource http://localhost:3000/fonts/NeueHaasDisplay_Roman.woff2 was preloaded using link preload but not used within a few seconds from the window's load event. Please make sure it has an appropriate `as` value and it is preloaded intentionally. @ http://localhost:3000/about:0
[    9052ms] [WARNING] The resource http://localhost:3000/fonts/NeueHaasDisplay_Bold.woff2 was preloaded using link preload but not used within a few seconds from the window's load event. Please make sure it has an appropriate `as` value and it is preloaded intentionally. @ http://localhost:3000/about:0
[    9052ms] [WARNING] The resource http://localhost:3000/fonts/NeueHaasDisplay_Roman.woff2 was preloaded using link preload but not used within a few seconds from the window's load event. Please make sure it has an appropriate `as` value and it is preloaded intentionally. @ http://localhost:3000/about:0
[   13632ms] [WARNING] The resource http://localhost:3000/fonts/NeueHaasDisplay_Bold.woff2 was preloaded using link preload but not used within a few seconds from the window's load event. Please make sure it has an appropriate `as` value and it is preloaded intentionally. @ http://localhost:3000/about:0
[   13632ms] [WARNING] The resource http://localhost:3000/fonts/NeueHaasDisplay_Roman.woff2 was preloaded using link preload but not used within a few seconds from the window's load event. Please make sure it has an appropriate `as` value and it is preloaded intentionally. @ http://localhost:3000/about:0
[   18218ms] [WARNING] The resource http://localhost:3000/fonts/NeueHaasDisplay_Bold.woff2 was preloaded using link preload but not used within a few seconds from the window's load event. Please make sure it has an appropriate `as` value and it is preloaded intentionally. @ http://localhost:3000/about:0
[   18219ms] [WARNING] The resource http://localhost:3000/fonts/NeueHaasDisplay_Roman.woff2 was preloaded using link preload but not used within a few seconds from the window's load event. Please make sure it has an appropriate `as` value and it is preloaded intentionally. @ http://localhost:3000/about:0
[   22797ms] [WARNING] The resource http://localhost:3000/fonts/NeueHaasDisplay_Bold.woff2 was preloaded using link preload but not used within a few seconds from the window's load event. Please make sure it has an appropriate `as` value and it is preloaded intentionally. @ http://localhost:3000/about:0
[   22798ms] [WARNING] The resource http://localhost:3000/fonts/NeueHaasDisplay_Roman.woff2 was preloaded using link preload but not used within a few seconds from the window's load event. Please make sure it has an appropriate `as` value and it is preloaded intentionally. @ http://localhost:3000/about:0
[   27383ms] [WARNING] The resource http://localhost:3000/fonts/NeueHaasDisplay_Bold.woff2 was preloaded using link preload but not used within a few seconds from the window's load event. Please make sure it has an appropriate `as` value and it is preloaded intentionally. @ http://localhost:3000/about:0
[   27384ms] [WARNING] The resource http://localhost:3000/fonts/NeueHaasDisplay_Roman.woff2 was preloaded using link preload but not used within a few seconds from the window's load event. Please make sure it has an appropriate `as` value and it is preloaded intentionally. @ http://localhost:3000/about:0
[   31965ms] [WARNING] The resource http://localhost:3000/fonts/NeueHaasDisplay_Bold.woff2 was preloaded using link preload but not used within a few seconds from the window's load event. Please make sure it has an appropriate `as` value and it is preloaded intentionally. @ http://localhost:3000/about:0
[   31965ms] [WARNING] The resource http://localhost:3000/fonts/NeueHaasDisplay_Roman.woff2 was preloaded using link preload but not used within a few seconds from the window's load event. Please make sure it has an appropriate `as` value and it is preloaded intentionally. @ http://localhost:3000/about:0
[   37526ms] [WARNING] The resource http://localhost:3000/fonts/NeueHaasDisplay_Bold.woff2 was preloaded using link preload but not used within a few seconds from the window's load event. Please make sure it has an appropriate `as` value and it is preloaded intentionally. @ http://localhost:3000/about:0
[   37526ms] [WARNING] The resource http://localhost:3000/fonts/NeueHaasDisplay_Roman.woff2 was preloaded using link preload but not used within a few seconds from the window's load event. Please make sure it has an appropriate `as` value and it is preloaded intentionally. @ http://localhost:3000/about:0
[   45707ms] [WARNING] The resource http://localhost:3000/fonts/NeueHaasDisplay_Bold.woff2 was preloaded using link preload but not used within a few seconds from the window's load event. Please make sure it has an appropriate `as` value and it is preloaded intentionally. @ http://localhost:3000/about:0
[   45707ms] [WARNING] The resource http://localhost:3000/fonts/NeueHaasDisplay_Roman.woff2 was preloaded using link preload but not used within a few seconds from the window's load event. Please make sure it has an appropriate `as` value and it is preloaded intentionally. @ http://localhost:3000/about:0
[   50291ms] [WARNING] The resource http://localhost:3000/fonts/NeueHaasDisplay_Bold.woff2 was preloaded using link preload but not used within a few seconds from the window's load event. Please make sure it has an appropriate `as` value and it is preloaded intentionally. @ http://localhost:3000/about:0
[   50291ms] [WARNING] The resource http://localhost:3000/fonts/NeueHaasDisplay_Roman.woff2 was preloaded using link preload but not used within a few seconds from the window's load event. Please make sure it has an appropriate `as` value and it is preloaded intentionally. @ http://localhost:3000/about:0
[   54873ms] [WARNING] The resource http://localhost:3000/fonts/NeueHaasDisplay_Bold.woff2 was preloaded using link preload but not used within a few seconds from the window's load event. Please make sure it has an appropriate `as` value and it is preloaded intentionally. @ http://localhost:3000/about:0
[   54874ms] [WARNING] The resource http://localhost:3000/fonts/NeueHaasDisplay_Roman.woff2 was preloaded using link preload but not used within a few seconds from the window's load event. Please make sure it has an appropriate `as` value and it is preloaded intentionally. @ http://localhost:3000/about:0
