[      92ms] [LOG] [Fast Refresh] rebuilding @ http://localhost:3000/_next/static/chunks/node_modules_next_dist_115brz8._.js:2477
[      92ms] [LOG] [Fast Refresh] done in 102ms @ http://localhost:3000/_next/static/chunks/node_modules_next_dist_115brz8._.js:2477
[     198ms] [INFO] %cDownload the React DevTools for a better development experience: https://react.dev/link/react-devtools font-weight:bold @ http://localhost:3000/_next/static/chunks/node_modules_next_dist_115brz8._.js:2477
[     204ms] [LOG] [HMR] connected @ http://localhost:3000/_next/static/chunks/node_modules_next_dist_115brz8._.js:2477
[     252ms] [WARNING] Image with src "/images/_MG_7964.jpg" was detected as the Largest Contentful Paint (LCP). Please add the `loading="eager"` property if this image is above the fold.
Read more: https://nextjs.org/docs/app/api-reference/components/image#loading @ http://localhost:3000/_next/static/chunks/node_modules_next_dist_115brz8._.js:2477
[     272ms] [WARNING] Error while trying to use the following icon from the Manifest: http://localhost:3000/seo/favicon-y.png (Resource size is not correct - typo in the Manifest?) @ http://localhost:3000/about:0
[    4409ms] [WARNING] The resource http://localhost:3000/fonts/NeueHaasDisplay_Bold.woff2 was preloaded using link preload but not used within a few seconds from the window's load event. Please make sure it has an appropriate `as` value and it is preloaded intentionally. @ http://localhost:3000/about:0
[    4409ms] [WARNING] The resource http://localhost:3000/fonts/NeueHaasDisplay_Roman.woff2 was preloaded using link preload but not used within a few seconds from the window's load event. Please make sure it has an appropriate `as` value and it is preloaded intentionally. @ http://localhost:3000/about:0
[    8889ms] [WARNING] The resource http://localhost:3000/fonts/NeueHaasDisplay_Bold.woff2 was preloaded using link preload but not used within a few seconds from the window's load event. Please make sure it has an appropriate `as` value and it is preloaded intentionally. @ http://localhost:3000/about:0
[    8890ms] [WARNING] The resource http://localhost:3000/fonts/NeueHaasDisplay_Roman.woff2 was preloaded using link preload but not used within a few seconds from the window's load event. Please make sure it has an appropriate `as` value and it is preloaded intentionally. @ http://localhost:3000/about:0
[   13525ms] [WARNING] The resource http://localhost:3000/fonts/NeueHaasDisplay_Bold.woff2 was preloaded using link preload but not used within a few seconds from the window's load event. Please make sure it has an appropriate `as` value and it is preloaded intentionally. @ http://localhost:3000/about:0
[   13526ms] [WARNING] The resource http://localhost:3000/fonts/NeueHaasDisplay_Roman.woff2 was preloaded using link preload but not used within a few seconds from the window's load event. Please make sure it has an appropriate `as` value and it is preloaded intentionally. @ http://localhost:3000/about:0
[   18098ms] [WARNING] The resource http://localhost:3000/fonts/NeueHaasDisplay_Bold.woff2 was preloaded using link preload but not used within a few seconds from the window's load event. Please make sure it has an appropriate `as` value and it is preloaded intentionally. @ http://localhost:3000/about:0
[   18099ms] [WARNING] The resource http://localhost:3000/fonts/NeueHaasDisplay_Roman.woff2 was preloaded using link preload but not used within a few seconds from the window's load event. Please make sure it has an appropriate `as` value and it is preloaded intentionally. @ http://localhost:3000/about:0
[   22687ms] [WARNING] The resource http://localhost:3000/fonts/NeueHaasDisplay_Bold.woff2 was preloaded using link preload but not used within a few seconds from the window's load event. Please make sure it has an appropriate `as` value and it is preloaded intentionally. @ http://localhost:3000/about:0
[   22687ms] [WARNING] The resource http://localhost:3000/fonts/NeueHaasDisplay_Roman.woff2 was preloaded using link preload but not used within a few seconds from the window's load event. Please make sure it has an appropriate `as` value and it is preloaded intentionally. @ http://localhost:3000/about:0
[   27265ms] [WARNING] The resource http://localhost:3000/fonts/NeueHaasDisplay_Bold.woff2 was preloaded using link preload but not used within a few seconds from the window's load event. Please make sure it has an appropriate `as` value and it is preloaded intentionally. @ http://localhost:3000/about:0
[   27266ms] [WARNING] The resource http://localhost:3000/fonts/NeueHaasDisplay_Roman.woff2 was preloaded using link preload but not used within a few seconds from the window's load event. Please make sure it has an appropriate `as` value and it is preloaded intentionally. @ http://localhost:3000/about:0
[   31807ms] [WARNING] The resource http://localhost:3000/fonts/NeueHaasDisplay_Bold.woff2 was preloaded using link preload but not used within a few seconds from the window's load event. Please make sure it has an appropriate `as` value and it is preloaded intentionally. @ http://localhost:3000/about:0
[   31807ms] [WARNING] The resource http://localhost:3000/fonts/NeueHaasDisplay_Roman.woff2 was preloaded using link preload but not used within a few seconds from the window's load event. Please make sure it has an appropriate `as` value and it is preloaded intentionally. @ http://localhost:3000/about:0
[   36731ms] [WARNING] The resource http://localhost:3000/fonts/NeueHaasDisplay_Bold.woff2 was preloaded using link preload but not used within a few seconds from the window's load event. Please make sure it has an appropriate `as` value and it is preloaded intentionally. @ http://localhost:3000/about:0
[   36732ms] [WARNING] The resource http://localhost:3000/fonts/NeueHaasDisplay_Roman.woff2 was preloaded using link preload but not used within a few seconds from the window's load event. Please make sure it has an appropriate `as` value and it is preloaded intentionally. @ http://localhost:3000/about:0
[   45545ms] [WARNING] The resource http://localhost:3000/fonts/NeueHaasDisplay_Bold.woff2 was preloaded using link preload but not used within a few seconds from the window's load event. Please make sure it has an appropriate `as` value and it is preloaded intentionally. @ http://localhost:3000/about:0
[   45545ms] [WARNING] The resource http://localhost:3000/fonts/NeueHaasDisplay_Roman.woff2 was preloaded using link preload but not used within a few seconds from the window's load event. Please make sure it has an appropriate `as` value and it is preloaded intentionally. @ http://localhost:3000/about:0
[   50130ms] [WARNING] The resource http://localhost:3000/fonts/NeueHaasDisplay_Bold.woff2 was preloaded using link preload but not used within a few seconds from the window's load event. Please make sure it has an appropriate `as` value and it is preloaded intentionally. @ http://localhost:3000/about:0
[   50130ms] [WARNING] The resource http://localhost:3000/fonts/NeueHaasDisplay_Roman.woff2 was preloaded using link preload but not used within a few seconds from the window's load event. Please make sure it has an appropriate `as` value and it is preloaded intentionally. @ http://localhost:3000/about:0
[   54712ms] [WARNING] The resource http://localhost:3000/fonts/NeueHaasDisplay_Bold.woff2 was preloaded using link preload but not used within a few seconds from the window's load event. Please make sure it has an appropriate `as` value and it is preloaded intentionally. @ http://localhost:3000/about:0
[   54712ms] [WARNING] The resource http://localhost:3000/fonts/NeueHaasDisplay_Roman.woff2 was preloaded using link preload but not used within a few seconds from the window's load event. Please make sure it has an appropriate `as` value and it is preloaded intentionally. @ http://localhost:3000/about:0
