[      84ms] [INFO] %cDownload the React DevTools for a better development experience: https://react.dev/link/react-devtools font-weight:bold @ http://localhost:3000/_next/static/chunks/node_modules_next_dist_115brz8._.js:2477
[      93ms] [LOG] [HMR] connected @ http://localhost:3000/_next/static/chunks/node_modules_next_dist_115brz8._.js:2477
[     154ms] [WARNING] Error while trying to use the following icon from the Manifest: http://localhost:3000/seo/favicon-y.png (Resource size is not correct - typo in the Manifest?) @ http://localhost:3000/about:0
[    4265ms] [WARNING] The resource http://localhost:3000/fonts/NeueHaasDisplay_Bold.woff2 was preloaded using link preload but not used within a few seconds from the window's load event. Please make sure it has an appropriate `as` value and it is preloaded intentionally. @ http://localhost:3000/about:0
[    4266ms] [WARNING] The resource http://localhost:3000/fonts/NeueHaasDisplay_Roman.woff2 was preloaded using link preload but not used within a few seconds from the window's load event. Please make sure it has an appropriate `as` value and it is preloaded intentionally. @ http://localhost:3000/about:0
[    8854ms] [WARNING] The resource http://localhost:3000/fonts/NeueHaasDisplay_Bold.woff2 was preloaded using link preload but not used within a few seconds from the window's load event. Please make sure it has an appropriate `as` value and it is preloaded intentionally. @ http://localhost:3000/about:0
[    8854ms] [WARNING] The resource http://localhost:3000/fonts/NeueHaasDisplay_Roman.woff2 was preloaded using link preload but not used within a few seconds from the window's load event. Please make sure it has an appropriate `as` value and it is preloaded intentionally. @ http://localhost:3000/about:0
[   13432ms] [WARNING] The resource http://localhost:3000/fonts/NeueHaasDisplay_Bold.woff2 was preloaded using link preload but not used within a few seconds from the window's load event. Please make sure it has an appropriate `as` value and it is preloaded intentionally. @ http://localhost:3000/about:0
[   13432ms] [WARNING] The resource http://localhost:3000/fonts/NeueHaasDisplay_Roman.woff2 was preloaded using link preload but not used within a few seconds from the window's load event. Please make sure it has an appropriate `as` value and it is preloaded intentionally. @ http://localhost:3000/about:0
[   18020ms] [WARNING] The resource http://localhost:3000/fonts/NeueHaasDisplay_Bold.woff2 was preloaded using link preload but not used within a few seconds from the window's load event. Please make sure it has an appropriate `as` value and it is preloaded intentionally. @ http://localhost:3000/about:0
[   18020ms] [WARNING] The resource http://localhost:3000/fonts/NeueHaasDisplay_Roman.woff2 was preloaded using link preload but not used within a few seconds from the window's load event. Please make sure it has an appropriate `as` value and it is preloaded intentionally. @ http://localhost:3000/about:0
[   22594ms] [WARNING] The resource http://localhost:3000/fonts/NeueHaasDisplay_Bold.woff2 was preloaded using link preload but not used within a few seconds from the window's load event. Please make sure it has an appropriate `as` value and it is preloaded intentionally. @ http://localhost:3000/about:0
[   22594ms] [WARNING] The resource http://localhost:3000/fonts/NeueHaasDisplay_Roman.woff2 was preloaded using link preload but not used within a few seconds from the window's load event. Please make sure it has an appropriate `as` value and it is preloaded intentionally. @ http://localhost:3000/about:0
[   27176ms] [WARNING] The resource http://localhost:3000/fonts/NeueHaasDisplay_Bold.woff2 was preloaded using link preload but not used within a few seconds from the window's load event. Please make sure it has an appropriate `as` value and it is preloaded intentionally. @ http://localhost:3000/about:0
[   27176ms] [WARNING] The resource http://localhost:3000/fonts/NeueHaasDisplay_Roman.woff2 was preloaded using link preload but not used within a few seconds from the window's load event. Please make sure it has an appropriate `as` value and it is preloaded intentionally. @ http://localhost:3000/about:0
[   30301ms] [LOG] [Fast Refresh] rebuilding @ http://localhost:3000/_next/static/chunks/node_modules_next_dist_115brz8._.js:2477
[   30305ms] [LOG] [Fast Refresh] done in 105ms @ http://localhost:3000/_next/static/chunks/node_modules_next_dist_115brz8._.js:2477
[   30588ms] [WARNING] The resource http://localhost:3000/fonts/NeueHaasDisplay_Bold.woff2 was preloaded using link preload but not used within a few seconds from the window's load event. Please make sure it has an appropriate `as` value and it is preloaded intentionally. @ http://localhost:3000/about:0
[   30588ms] [WARNING] The resource http://localhost:3000/fonts/NeueHaasDisplay_Roman.woff2 was preloaded using link preload but not used within a few seconds from the window's load event. Please make sure it has an appropriate `as` value and it is preloaded intentionally. @ http://localhost:3000/about:0
[   39671ms] [WARNING] The resource http://localhost:3000/fonts/NeueHaasDisplay_Bold.woff2 was preloaded using link preload but not used within a few seconds from the window's load event. Please make sure it has an appropriate `as` value and it is preloaded intentionally. @ http://localhost:3000/about:0
[   39671ms] [WARNING] The resource http://localhost:3000/fonts/NeueHaasDisplay_Roman.woff2 was preloaded using link preload but not used within a few seconds from the window's load event. Please make sure it has an appropriate `as` value and it is preloaded intentionally. @ http://localhost:3000/about:0
[   45502ms] [WARNING] The resource http://localhost:3000/fonts/NeueHaasDisplay_Bold.woff2 was preloaded using link preload but not used within a few seconds from the window's load event. Please make sure it has an appropriate `as` value and it is preloaded intentionally. @ http://localhost:3000/about:0
[   45502ms] [WARNING] The resource http://localhost:3000/fonts/NeueHaasDisplay_Roman.woff2 was preloaded using link preload but not used within a few seconds from the window's load event. Please make sure it has an appropriate `as` value and it is preloaded intentionally. @ http://localhost:3000/about:0
[   50086ms] [WARNING] The resource http://localhost:3000/fonts/NeueHaasDisplay_Bold.woff2 was preloaded using link preload but not used within a few seconds from the window's load event. Please make sure it has an appropriate `as` value and it is preloaded intentionally. @ http://localhost:3000/about:0
[   50086ms] [WARNING] The resource http://localhost:3000/fonts/NeueHaasDisplay_Roman.woff2 was preloaded using link preload but not used within a few seconds from the window's load event. Please make sure it has an appropriate `as` value and it is preloaded intentionally. @ http://localhost:3000/about:0
[   54671ms] [WARNING] The resource http://localhost:3000/fonts/NeueHaasDisplay_Bold.woff2 was preloaded using link preload but not used within a few seconds from the window's load event. Please make sure it has an appropriate `as` value and it is preloaded intentionally. @ http://localhost:3000/about:0
[   54671ms] [WARNING] The resource http://localhost:3000/fonts/NeueHaasDisplay_Roman.woff2 was preloaded using link preload but not used within a few seconds from the window's load event. Please make sure it has an appropriate `as` value and it is preloaded intentionally. @ http://localhost:3000/about:0
